<?xml version="1.0" encoding="UTF-8"?>
<testsuite name="com.restfullbooking.alltests.BookingTest" time="6.604" tests="4" errors="2" skipped="0" failures="0">
  <properties>
[...]
</properties>
  <testcase name="test001" classname="com.restfullbooking.alltests.BookingTest" time="4.369"/>
  <testcase name="test002" classname="com.restfullbooking.alltests.BookingTest" time="1.171"/>
  <testcase name="test003" classname="com.restfullbooking.alltests.BookingTest" time="0.982">
    <error type="java.lang.NullPointerException:">java.lang.NullPointerException: null
	at com.restfullbooking.alltests.BookingTest.test003(BookingTest.java:64)
</error>
    <system-out><![CDATA[Request method:	POST
Request URI:	https://restful-booker.herokuapp.com/auth
Proxy:			<none>
Request params:	<none>
Query params:	<none>
Form params:	<none>
Path params:	<none>
Multiparts:		<none>
Headers:		Accept=*/*
				Content-Type=application/json; charset=UTF-8
Cookies:		<none>
Body:
{
    "userName": "admin",
    "password": "password123"
}
Request method:	POST
Request URI:	https://restful-booker.herokuapp.com/booking/11
Proxy:			<none>
Request params:	<none>
Query params:	<none>
Form params:	<none>
Path params:	bookingid=11
Multiparts:		<none>
Headers:		Accept=application/json
				cookie=token=null
				Content-Type=application/json; charset=UTF-8
Cookies:		<none>
Body:
{
    "firstname": "Ramupdated",
    "lastname": "Kumar",
    "totalprice": 400,
    "depositpaid": true,
    "bookingdates": {
        "checkin": "2022-01-10",
        "checkout": "2022-01-20"
    },
    "additionalneeds": "bed and breakfast"
}
]]></system-out>
    <system-err><![CDATA[6312 [main] INFO net.serenitybdd.core.Serenity - 
        __    _____ _____ ____ _____   ____   _    ____  ____  _____ ____  
  _     \ \  |_   _| ____/ ___|_   _| |  _ \ / \  / ___|/ ___|| ____|  _ \ 
 (_)_____| |   | | |  _| \___ \ | |   | |_) / _ \ \___ \\___ \|  _| | | | |
  _|_____| |   | | | |___ ___) || |   |  __/ ___ \ ___) |___) | |___| |_| |
 (_)     | |   |_| |_____|____/ |_|   |_| /_/   \_\____/|____/|_____|____/ 
        /_/                                                                

TEST PASSED: Verify Booking is created
----------------------------------------------------------------------------
6316 [main] INFO net.serenitybdd.core.Serenity - 
 _____ _____ ____ _____   ____ _____  _    ____ _____ _____ ____  
|_   _| ____/ ___|_   _| / ___|_   _|/ \  |  _ \_   _| ____|  _ \ 
  | | |  _| \___ \ | |   \___ \ | | / _ \ | |_) || | |  _| | | | |
  | | | |___ ___) || |    ___) || |/ ___ \|  _ < | | | |___| |_| |
  |_| |_____|____/ |_|   |____/ |_/_/   \_\_| \_\|_| |_____|____/ 
                                                                  

TEST STARTED: test003
-------------------------------------------------------------------
6316 [main] INFO net.serenitybdd.core.Serenity - TEST NUMBER: 3
]]></system-err>
  </testcase>
  <testcase name="test004" classname="com.restfullbooking.alltests.BookingTest" time="0.082">
    <error type="java.lang.NullPointerException:">java.lang.NullPointerException: null
	at com.restfullbooking.alltests.BookingTest.test004(BookingTest.java:77)
</error>
    <system-out><![CDATA[Request method:	DELETE
Request URI:	https://restful-booker.herokuapp.com/booking/%7Bbookingid%7D
Proxy:			<none>
Request params:	<none>
Query params:	<none>
Form params:	<none>
Path params:	bookingId=11
Multiparts:		<none>
Headers:		cookie=token=null
				Accept=*/*
				Content-Type=application/json; charset=UTF-8
Cookies:		<none>
Body:			<none>
]]></system-out>
    <system-err><![CDATA[7304 [main] ERROR net.serenitybdd.core.Serenity - 
           __  _____ _____ ____ _____   _____ _    ___ _     _____ ____  
  _       / / |_   _| ____/ ___|_   _| |  ___/ \  |_ _| |   | ____|  _ \ 
 (_)_____| |    | | |  _| \___ \ | |   | |_ / _ \  | || |   |  _| | | | |
  _|_____| |    | | | |___ ___) || |   |  _/ ___ \ | || |___| |___| |_| |
 (_)     | |    |_| |_____|____/ |_|   |_|/_/   \_\___|_____|_____|____/ 
          \_\                                                            

TEST FAILED WITH ERROR: Update the booking and verify
---------------------------------------------------------------------
7432 [main] ERROR net.serenitybdd.core.Serenity - TEST FAILED AT STEP Update and verify firstname: Ramupdated, lastname: Kumar, totalprice: 400,depositpaid: true,bookingdates: {checkin=2022-01-10, checkout=2022-01-20}, additionalneeds: bed and breakfast, booking: 11
7433 [main] ERROR net.serenitybdd.core.Serenity - 1 expectation failed.Expected status code <200> but was <404>.
7438 [main] INFO net.serenitybdd.core.Serenity - 
 _____ _____ ____ _____   ____ _____  _    ____ _____ _____ ____  
|_   _| ____/ ___|_   _| / ___|_   _|/ \  |  _ \_   _| ____|  _ \ 
  | | |  _| \___ \ | |   \___ \ | | / _ \ | |_) || | |  _| | | | |
  | | | |___ ___) || |    ___) || |/ ___ \|  _ < | | | |___| |_| |
  |_| |_____|____/ |_|   |____/ |_/_/   \_\_| \_\|_| |_____|____/ 
                                                                  

TEST STARTED: test004
-------------------------------------------------------------------
7438 [main] INFO net.serenitybdd.core.Serenity - TEST NUMBER: 4
]]></system-err>
  </testcase>
</testsuite>